<?xml version="1.0" encoding="UTF-8"?>
<!-- Generated by org.testng.reporters.JUnitReportReporter -->
<testsuite hostname="ATMECSINDT-045" failures="0" tests="1" name="com.atmecs.swaglabs.testscript.TestSript" time="4.065" errors="0" timestamp="2020-03-09T20:07:23 IST" skipped="0">
  <testcase classname="com.atmecs.swaglabs.testscript.TestSript" name="login" time="4.065"/>
</testsuite> <!-- com.atmecs.swaglabs.testscript.TestSript -->
